{"C:\\Users\\khule\\OneDrive\\Documents\\Desktop\\Namaste React\\Bhook Bazaar\\src\\Components\\Contact.js": {"path":"C:\\Users\\khule\\OneDrive\\Documents\\Desktop\\Namaste React\\Bhook Bazaar\\src\\Components\\Contact.js","statementMap":{"0":{"start":{"line":1,"column":16},"end":{"line":8,"column":1}},"1":{"start":{"line":2,"column":4},"end":{"line":7,"column":5}}},"fnMap":{"0":{"name":"(anonymous_0)","decl":{"start":{"line":1,"column":16},"end":{"line":1,"column":17}},"loc":{"start":{"line":1,"column":22},"end":{"line":8,"column":1}},"line":1}},"branchMap":{},"s":{"0":1,"1":2},"f":{"0":2},"b":{},"_coverageSchema":"1a1c01bbd47fc00a2c39e90264f33305004495a9","hash":"62b25efc0d3c73657196abbe16e1ed6fdc885cb2"}
,"C:\\Users\\khule\\OneDrive\\Documents\\Desktop\\Namaste React\\Bhook Bazaar\\src\\Components\\sum.js": {"path":"C:\\Users\\khule\\OneDrive\\Documents\\Desktop\\Namaste React\\Bhook Bazaar\\src\\Components\\sum.js","statementMap":{"0":{"start":{"line":1,"column":19},"end":{"line":3,"column":1}},"1":{"start":{"line":2,"column":4},"end":{"line":2,"column":16}}},"fnMap":{"0":{"name":"(anonymous_0)","decl":{"start":{"line":1,"column":19},"end":{"line":1,"column":20}},"loc":{"start":{"line":1,"column":29},"end":{"line":3,"column":1}},"line":1}},"branchMap":{},"s":{"0":1,"1":1},"f":{"0":1},"b":{},"_coverageSchema":"1a1c01bbd47fc00a2c39e90264f33305004495a9","hash":"11b2c836ae6090e753b059c5e771ae86e6934ef8"}
}
